app/build/outputs/logs/manifest-merger-debug-report.txt
-- Merging decision tree log ---
manifest
ADDED from src\main\AndroidManifest.xml:18:1-64:12
	package
		ADDED from src\main\AndroidManifest.xml:19:5-38
		INJECTED from src\main\AndroidManifest.xml
		INJECTED from src\main\AndroidManifest.xml
	xmlns:android
		ADDED from src\main\AndroidManifest.xml:18:11-69
uses-permission#android.permission.CHANGE_WIFI_STATE
ADDED from src\main\AndroidManifest.xml:21:5-76
	android:name
		ADDED from src\main\AndroidManifest.xml:21:22-73
uses-permission#android.permission.MODIFY_AUDIO_SETTINGS
ADDED from src\main\AndroidManifest.xml:22:5-80
	android:name
		ADDED from src\main\AndroidManifest.xml:22:22-77
application
ADDED from src\main\AndroidManifest.xml:24:5-43:19
	android:label
		ADDED from src\main\AndroidManifest.xml:26:9-36
	android:icon
		ADDED from src\main\AndroidManifest.xml:25:9-38
activity#com.example.android.sip.MainActivity
ADDED from src\main\AndroidManifest.xml:27:9-35:20
	android:configChanges
		ADDED from src\main\AndroidManifest.xml:29:13-63
	android:name
		ADDED from src\main\AndroidManifest.xml:28:13-41
intent-filter#android.intent.action.MAIN+android.intent.category.LAUNCHER
ADDED from src\main\AndroidManifest.xml:30:13-34:29
action#android.intent.action.MAIN
ADDED from src\main\AndroidManifest.xml:31:17-69
	android:name
		ADDED from src\main\AndroidManifest.xml:31:25-66
category#android.intent.category.LAUNCHER
ADDED from src\main\AndroidManifest.xml:33:17-77
	android:name
		ADDED from src\main\AndroidManifest.xml:33:27-74
activity#com.example.android.sip.SipSettings
ADDED from src\main\AndroidManifest.xml:36:9-38:47
	android:label
		ADDED from src\main\AndroidManifest.xml:38:13-44
	android:name
		ADDED from src\main\AndroidManifest.xml:37:13-40
receiver#com.example.android.sip.IncomingCallReceiver
ADDED from src\main\AndroidManifest.xml:40:9-42:45
	android:label
		ADDED from src\main\AndroidManifest.xml:42:13-42
	android:name
		ADDED from src\main\AndroidManifest.xml:41:13-49
uses-sdk
ADDED from src\main\AndroidManifest.xml:45:5-43
	android:targetSdkVersion
		INJECTED from src\main\AndroidManifest.xml
		INJECTED from src\main\AndroidManifest.xml
	android:minSdkVersion
		ADDED from src\main\AndroidManifest.xml:45:15-40
		INJECTED from src\main\AndroidManifest.xml
		INJECTED from src\main\AndroidManifest.xml
uses-permission#android.permission.USE_SIP
ADDED from src\main\AndroidManifest.xml:47:5-66
	android:name
		ADDED from src\main\AndroidManifest.xml:47:22-63
uses-permission#android.permission.INTERNET
ADDED from src\main\AndroidManifest.xml:48:5-67
	android:name
		ADDED from src\main\AndroidManifest.xml:48:22-64
uses-permission#android.permission.VIBRATE
ADDED from src\main\AndroidManifest.xml:49:5-66
	android:name
		ADDED from src\main\AndroidManifest.xml:49:22-63
uses-permission#android.permission.ACCESS_WIFI_STATE
ADDED from src\main\AndroidManifest.xml:50:5-76
	android:name
		ADDED from src\main\AndroidManifest.xml:50:22-73
uses-permission#android.permission.WAKE_LOCK
ADDED from src\main\AndroidManifest.xml:51:5-68
	android:name
		ADDED from src\main\AndroidManifest.xml:51:22-65
uses-permission#android.permission.RECORD_AUDIO
ADDED from src\main\AndroidManifest.xml:52:5-71
	android:name
		ADDED from src\main\AndroidManifest.xml:52:22-68
uses-feature#android.hardware.sip.voip
ADDED from src\main\AndroidManifest.xml:54:5-56:35
	android:required
		ADDED from src\main\AndroidManifest.xml:56:9-32
	android:name
		ADDED from src\main\AndroidManifest.xml:55:9-49
uses-feature#android.hardware.wifi
ADDED from src\main\AndroidManifest.xml:57:5-59:35
	android:required
		ADDED from src\main\AndroidManifest.xml:59:9-32
	android:name
		ADDED from src\main\AndroidManifest.xml:58:9-45
uses-feature#android.hardware.microphone
ADDED from src\main\AndroidManifest.xml:60:5-62:35
	android:required
		ADDED from src\main\AndroidManifest.xml:62:9-32
	android:name
		ADDED from src\main\AndroidManifest.xml:61:9-51